Using pre-set license
Built from '2020.3/staging' branch; Version is '2020.3.24f1 (79c78de19888) revision 7980941'; Using compiler version '192528614'; Build Type 'Release'
OS: 'Windows 11  (10.0.22000) 64bit CoreSingleLanguage' Language: 'en' Physical Memory: 14213 MB
BatchMode: 1, IsHumanControllingUs: 0, StartBugReporterOnCrash: 0, Is64bit: 1, IsPro: 0

COMMAND LINE ARGUMENTS:
C:\Program Files\Unity\Hub\Editor\2020.3.24f1\Editor\Unity.exe
-adb2
-batchMode
-noUpm
-name
AssetImportWorker0
-projectPath
E:/unity/project/New folder/mayday/mayday
-logFile
Logs/AssetImportWorker0.log
-srvPort
49409
Successfully changed project path to: E:/unity/project/New folder/mayday/mayday
E:/unity/project/New folder/mayday/mayday
Using Asset Import Pipeline V2.
Refreshing native plugins compatible for Editor in 93.49 ms, found 3 plugins.
Preloading 0 native plugins for Editor in 0.00 ms.
Initialize engine version: 2020.3.24f1 (79c78de19888)
[Subsystems] Discovering subsystems at path C:/Program Files/Unity/Hub/Editor/2020.3.24f1/Editor/Data/Resources/UnitySubsystems
[Subsystems] Discovering subsystems at path E:/unity/project/New folder/mayday/mayday/Assets
GfxDevice: creating device client; threaded=0
Direct3D:
    Version:  Direct3D 11.0 [level 11.1]
    Renderer: NVIDIA GeForce GTX 1650 (ID=0x1f91)
    Vendor:   
    VRAM:     3962 MB
    Driver:   30.0.15.1259
Initialize mono
Mono path[0] = 'C:/Program Files/Unity/Hub/Editor/2020.3.24f1/Editor/Data/Managed'
Mono path[1] = 'C:/Program Files/Unity/Hub/Editor/2020.3.24f1/Editor/Data/MonoBleedingEdge/lib/mono/unityjit'
Mono config path = 'C:/Program Files/Unity/Hub/Editor/2020.3.24f1/Editor/Data/MonoBleedingEdge/etc'
Using monoOptions --debugger-agent=transport=dt_socket,embedding=1,server=y,suspend=n,address=127.0.0.1:56572
Begin MonoManager ReloadAssembly
Registering precompiled unity dll's ...
Register platform support module: C:/Program Files/Unity/Hub/Editor/2020.3.24f1/Editor/Data/PlaybackEngines/WebGLSupport/UnityEditor.WebGL.Extensions.dll
Register platform support module: C:/Program Files/Unity/Hub/Editor/2020.3.24f1/Editor/Data/PlaybackEngines/WindowsStandaloneSupport/UnityEditor.WindowsStandalone.Extensions.dll
Registered in 0.009287 seconds.
Native extension for WindowsStandalone target not found
Native extension for WebGL target not found
Refreshing native plugins compatible for Editor in 117.23 ms, found 3 plugins.
Preloading 0 native plugins for Editor in 0.00 ms.
Mono: successfully reloaded assembly
- Completed reload, in  1.444 seconds
Domain Reload Profiling:
	ReloadAssembly (1444ms)
		BeginReloadAssembly (80ms)
			ExecutionOrderSort (0ms)
			DisableScriptedObjects (0ms)
			BackupInstance (0ms)
			ReleaseScriptingObjects (0ms)
			CreateAndSetChildDomain (1ms)
		EndReloadAssembly (1218ms)
			LoadAssemblies (78ms)
			RebuildTransferFunctionScriptingTraits (0ms)
			SetupTypeCache (381ms)
			ReleaseScriptCaches (0ms)
			RebuildScriptCaches (110ms)
			SetupLoadedEditorAssemblies (446ms)
				LogAssemblyErrors (0ms)
				InitializePlatformSupportModulesInManaged (14ms)
				SetLoadedEditorAssemblies (1ms)
				RefreshPlugins (117ms)
				BeforeProcessingInitializeOnLoad (24ms)
				ProcessInitializeOnLoadAttributes (207ms)
				ProcessInitializeOnLoadMethodAttributes (83ms)
				AfterProcessingInitializeOnLoad (0ms)
				EditorAssembliesLoaded (0ms)
			ExecutionOrderSort2 (0ms)
			AwakeInstancesAfterBackupRestoration (0ms)
Platform modules already initialized, skipping
Registering precompiled user dll's ...
Registered in 0.012654 seconds.
Begin MonoManager ReloadAssembly
Native extension for WindowsStandalone target not found
Native extension for WebGL target not found
Refreshing native plugins compatible for Editor in 79.92 ms, found 3 plugins.
Preloading 0 native plugins for Editor in 0.00 ms.
Mono: successfully reloaded assembly
- Completed reload, in  2.209 seconds
Domain Reload Profiling:
	ReloadAssembly (2211ms)
		BeginReloadAssembly (312ms)
			ExecutionOrderSort (0ms)
			DisableScriptedObjects (13ms)
			BackupInstance (0ms)
			ReleaseScriptingObjects (0ms)
			CreateAndSetChildDomain (40ms)
		EndReloadAssembly (1777ms)
			LoadAssemblies (236ms)
			RebuildTransferFunctionScriptingTraits (0ms)
			SetupTypeCache (529ms)
			ReleaseScriptCaches (1ms)
			RebuildScriptCaches (96ms)
			SetupLoadedEditorAssemblies (762ms)
				LogAssemblyErrors (0ms)
				InitializePlatformSupportModulesInManaged (5ms)
				SetLoadedEditorAssemblies (0ms)
				RefreshPlugins (80ms)
				BeforeProcessingInitializeOnLoad (135ms)
				ProcessInitializeOnLoadAttributes (442ms)
				ProcessInitializeOnLoadMethodAttributes (92ms)
				AfterProcessingInitializeOnLoad (8ms)
				EditorAssembliesLoaded (0ms)
			ExecutionOrderSort2 (0ms)
			AwakeInstancesAfterBackupRestoration (12ms)
Platform modules already initialized, skipping
========================================================================
Worker process is ready to serve import requests
Launched and connected shader compiler UnityShaderCompiler.exe after 0.16 seconds
Refreshing native plugins compatible for Editor in 2.20 ms, found 3 plugins.
Preloading 0 native plugins for Editor in 0.00 ms.
Unloading 2741 Unused Serialized files (Serialized files now loaded: 0)
System memory in use before: 110.0 MB.
System memory in use after: 110.2 MB.

Unloading 63 unused Assets to reduce memory usage. Loaded Objects now: 3142.
Total: 22.582700 ms (FindLiveObjects: 1.137800 ms CreateObjectMapping: 0.519500 ms MarkObjects: 20.647900 ms  DeleteObjects: 0.272900 ms)

AssetImportParameters requested are different than current active one (requested -> active):
  custom:framework-win-MediaFoundation: 216162199b28c13a410421893ffa2e32 -> 
  custom:video-decoder-ogg-theora: a1e56fd34408186e4bbccfd4996cb3dc -> 
  custom:container-muxer-webm: aa71ff27fc2769a1b78a27578f13a17b -> 
  custom:container-demuxer-webm: 4f35f7cbe854078d1ac9338744f61a02 -> 
  custom:container-demuxer-ogg: 62fdf1f143b41e24485cea50d1cbac27 -> 
  custom:video-encoder-webm-vp8: eb34c28f22e8b96e1ab97ce403110664 -> 
  custom:video-decoder-webm-vp8: 9c59270c3fd7afecdb556c50c9e8de78 -> 
  custom:audio-decoder-ogg-vorbis: bf7c407c2cedff20999df2af8eb42d56 -> 
  custom:audio-encoder-webm-vorbis: bf7c407c2cedff20999df2af8eb42d56 -> 
========================================================================
Received Import Request.
  path: Packages/com.unity.2d.animation/Editor/Unity.2D.Animation.Editor.asmdef
  artifactKey: Guid(7e93558c536f24149a3181fbe0a14523) Importer(815301076,1909f56bfc062723c751e8b465ee728b)
Start importing Packages/com.unity.2d.animation/Editor/Unity.2D.Animation.Editor.asmdef using Guid(7e93558c536f24149a3181fbe0a14523) Importer(815301076,1909f56bfc062723c751e8b465ee728b)  -> (artifact id: '226ae3b09d92cf2d26621cb9119ab407') in 0.102666 seconds 
  Import took 0.119302 seconds .

========================================================================
Received Import Request.
  Time since last request: 32.365850 seconds.
  path: Packages/com.unity.2d.animation/Tests/Editor/Unity.2D.Animation.EditorTests.asmdef
  artifactKey: Guid(ba283300490772f4f8d1f69efcb7c60f) Importer(815301076,1909f56bfc062723c751e8b465ee728b)
Start importing Packages/com.unity.2d.animation/Tests/Editor/Unity.2D.Animation.EditorTests.asmdef using Guid(ba283300490772f4f8d1f69efcb7c60f) Importer(815301076,1909f56bfc062723c751e8b465ee728b)  -> (artifact id: '53f25b57931543022edf0414fc40f551') in 0.009905 seconds 
  Import took 0.014235 seconds .

========================================================================
Received Import Request.
  Time since last request: 8.722733 seconds.
  path: Packages/com.unity.2d.sprite/package.json
  artifactKey: Guid(7dc5f1e5d04ac8549ac21802071e983b) Importer(815301076,1909f56bfc062723c751e8b465ee728b)
Start importing Packages/com.unity.2d.sprite/package.json using Guid(7dc5f1e5d04ac8549ac21802071e983b) Importer(815301076,1909f56bfc062723c751e8b465ee728b)  -> (artifact id: 'ff87128bdf6981a9843158b29f26b2df') in 0.047425 seconds 
  Import took 0.054382 seconds .

========================================================================
Received Import Request.
  Time since last request: 2.484848 seconds.
  path: Packages/com.unity.2d.sprite/Editor/Unity.2D.Sprite.Editor.asmdef
  artifactKey: Guid(2c573e6b271651846a79655161004c5b) Importer(815301076,1909f56bfc062723c751e8b465ee728b)
Start importing Packages/com.unity.2d.sprite/Editor/Unity.2D.Sprite.Editor.asmdef using Guid(2c573e6b271651846a79655161004c5b) Importer(815301076,1909f56bfc062723c751e8b465ee728b)  -> (artifact id: '75d9bb45d92a02f508ba32d52934c281') in 0.016101 seconds 
  Import took 0.024664 seconds .

========================================================================
Received Import Request.
  Time since last request: 7.310737 seconds.
  path: Packages/com.unity.2d.pixel-perfect/package.json
  artifactKey: Guid(b1c570008ebc15d4183516ca5722a39e) Importer(815301076,1909f56bfc062723c751e8b465ee728b)
Start importing Packages/com.unity.2d.pixel-perfect/package.json using Guid(b1c570008ebc15d4183516ca5722a39e) Importer(815301076,1909f56bfc062723c751e8b465ee728b)  -> (artifact id: '00989447aebaa7f8a44a908d1cabf462') in 0.018895 seconds 
  Import took 0.028808 seconds .

========================================================================
Received Import Request.
  Time since last request: 0.674814 seconds.
  path: Packages/com.unity.2d.psdimporter/package.json
  artifactKey: Guid(2f948ecb81c850949a2725b1ba265844) Importer(815301076,1909f56bfc062723c751e8b465ee728b)
Start importing Packages/com.unity.2d.psdimporter/package.json using Guid(2f948ecb81c850949a2725b1ba265844) Importer(815301076,1909f56bfc062723c751e8b465ee728b)  -> (artifact id: '5a650c0cca2cd029e29327e691f61fce') in 0.014084 seconds 
  Import took 0.022712 seconds .

========================================================================
Received Import Request.
  Time since last request: 4.062106 seconds.
  path: Packages/com.unity.2d.tilemap/package.json
  artifactKey: Guid(51797d68d3132bb419217a229e09fc47) Importer(815301076,1909f56bfc062723c751e8b465ee728b)
Start importing Packages/com.unity.2d.tilemap/package.json using Guid(51797d68d3132bb419217a229e09fc47) Importer(815301076,1909f56bfc062723c751e8b465ee728b)  -> (artifact id: '22520fb1654722663eb25abdaed23609') in 0.013928 seconds 
  Import took 0.022331 seconds .

========================================================================
Received Import Request.
  Time since last request: 6.642825 seconds.
  path: Packages/com.unity.analytics/package.json
  artifactKey: Guid(510d1d319d2754ea4a47c6dd8c421ea0) Importer(815301076,1909f56bfc062723c751e8b465ee728b)
Start importing Packages/com.unity.analytics/package.json using Guid(510d1d319d2754ea4a47c6dd8c421ea0) Importer(815301076,1909f56bfc062723c751e8b465ee728b)  -> (artifact id: '0941318404c558ae7c08894533b1684a') in 0.013404 seconds 
  Import took 0.018624 seconds .

========================================================================
Received Import Request.
  Time since last request: 0.994711 seconds.
  path: Packages/com.unity.purchasing/package.json
  artifactKey: Guid(4797030ac1a4416a944aa07d854ffeb4) Importer(815301076,1909f56bfc062723c751e8b465ee728b)
Start importing Packages/com.unity.purchasing/package.json using Guid(4797030ac1a4416a944aa07d854ffeb4) Importer(815301076,1909f56bfc062723c751e8b465ee728b)  -> (artifact id: '0ae7e00585847405c2308df7df85301e') in 0.010613 seconds 
  Import took 0.015576 seconds .

========================================================================
Received Import Request.
  Time since last request: 4.906119 seconds.
  path: Packages/com.unity.ext.nunit/package.json
  artifactKey: Guid(8143d3a8390f2c64685e3bc272bd9e90) Importer(815301076,1909f56bfc062723c751e8b465ee728b)
Start importing Packages/com.unity.ext.nunit/package.json using Guid(8143d3a8390f2c64685e3bc272bd9e90) Importer(815301076,1909f56bfc062723c751e8b465ee728b)  -> (artifact id: '36f449bd9ed4a92e06d659da724da745') in 0.008128 seconds 
  Import took 0.012981 seconds .

========================================================================
Received Import Request.
  Time since last request: 1.408041 seconds.
  path: Packages/com.unity.ide.rider/package.json
  artifactKey: Guid(66c95bb3c74257f41bae2622511dc02d) Importer(815301076,1909f56bfc062723c751e8b465ee728b)
Start importing Packages/com.unity.ide.rider/package.json using Guid(66c95bb3c74257f41bae2622511dc02d) Importer(815301076,1909f56bfc062723c751e8b465ee728b)  -> (artifact id: 'ff96f7b61e94a0dc9b975679be81ead9') in 0.008004 seconds 
  Import took 0.015109 seconds .

========================================================================
Received Import Request.
  Time since last request: 1.094149 seconds.
  path: Packages/com.unity.mathematics/package.json
  artifactKey: Guid(d34d0af25c21141a98c0cf3c0066444f) Importer(815301076,1909f56bfc062723c751e8b465ee728b)
Start importing Packages/com.unity.mathematics/package.json using Guid(d34d0af25c21141a98c0cf3c0066444f) Importer(815301076,1909f56bfc062723c751e8b465ee728b)  -> (artifact id: '421048e766e0d8e0b608a2d58a809366') in 0.011336 seconds 
  Import took 0.016846 seconds .

========================================================================
Received Import Request.
  Time since last request: 0.819554 seconds.
  path: Packages/com.unity.nuget.newtonsoft-json/package.json
  artifactKey: Guid(f8d4e5c2f2df25449ae8c391afbe5114) Importer(815301076,1909f56bfc062723c751e8b465ee728b)
Start importing Packages/com.unity.nuget.newtonsoft-json/package.json using Guid(f8d4e5c2f2df25449ae8c391afbe5114) Importer(815301076,1909f56bfc062723c751e8b465ee728b)  -> (artifact id: '3887d1616531507fa9c4f23ac1ba7ce0') in 0.007680 seconds 
  Import took 0.016475 seconds .

========================================================================
Received Import Request.
  Time since last request: 37.212240 seconds.
  path: Packages/com.unity.2d.common/Editor/Unity.2D.Common.Editor.asmdef
  artifactKey: Guid(bd2461be96e5f744bbe6bdbc5276eb61) Importer(815301076,1909f56bfc062723c751e8b465ee728b)
Start importing Packages/com.unity.2d.common/Editor/Unity.2D.Common.Editor.asmdef using Guid(bd2461be96e5f744bbe6bdbc5276eb61) Importer(815301076,1909f56bfc062723c751e8b465ee728b)  -> (artifact id: 'cf59224467bb64b2b2dc3614b18f85f0') in 0.011886 seconds 
  Import took 0.017224 seconds .

========================================================================
Received Import Request.
  Time since last request: 4.328331 seconds.
  path: Packages/com.unity.2d.common/Editor/InternalBridge/InternalBridgeDef.asmdef
  artifactKey: Guid(ce6baade223984afda3f24c7fca12584) Importer(815301076,1909f56bfc062723c751e8b465ee728b)
Start importing Packages/com.unity.2d.common/Editor/InternalBridge/InternalBridgeDef.asmdef using Guid(ce6baade223984afda3f24c7fca12584) Importer(815301076,1909f56bfc062723c751e8b465ee728b)  -> (artifact id: 'e57752e0dc04d4cefc18d8ee5d6fa6dd') in 0.007615 seconds 
  Import took 0.012793 seconds .

========================================================================
Received Import Request.
  Time since last request: 3.771728 seconds.
  path: Packages/com.unity.2d.common/Runtime/InternalBridge/InternalBridgeDef.asmdef
  artifactKey: Guid(e4b228dab700203488a7c7d474a25838) Importer(815301076,1909f56bfc062723c751e8b465ee728b)
Start importing Packages/com.unity.2d.common/Runtime/InternalBridge/InternalBridgeDef.asmdef using Guid(e4b228dab700203488a7c7d474a25838) Importer(815301076,1909f56bfc062723c751e8b465ee728b)  -> (artifact id: 'b331ee9692314d7e95d287171596872b') in 0.004698 seconds 
  Import took 0.014264 seconds .

========================================================================
Received Import Request.
  Time since last request: 4.057261 seconds.
  path: Packages/com.unity.2d.common/Tests/Editor/Unity.2D.Common.EditorTests.asmdef
  artifactKey: Guid(03bfc083748b8452197dde3b8ea7fbba) Importer(815301076,1909f56bfc062723c751e8b465ee728b)
Start importing Packages/com.unity.2d.common/Tests/Editor/Unity.2D.Common.EditorTests.asmdef using Guid(03bfc083748b8452197dde3b8ea7fbba) Importer(815301076,1909f56bfc062723c751e8b465ee728b)  -> (artifact id: '8d7061c08f2ae0af0b90c324d668ed26') in 0.009203 seconds 
  Import took 0.013944 seconds .

========================================================================
Received Import Request.
  Time since last request: 2.802249 seconds.
  path: Packages/com.unity.2d.path/Editor/Unity.2D.Path.Editor.asmdef
  artifactKey: Guid(4237adb6ac177124b8f4a94835b7b455) Importer(815301076,1909f56bfc062723c751e8b465ee728b)
Start importing Packages/com.unity.2d.path/Editor/Unity.2D.Path.Editor.asmdef using Guid(4237adb6ac177124b8f4a94835b7b455) Importer(815301076,1909f56bfc062723c751e8b465ee728b)  -> (artifact id: '0a15ac9b46b3076c060e3d74b80f3114') in 0.009116 seconds 
  Import took 0.014435 seconds .

========================================================================
Received Prepare
Registering precompiled user dll's ...
Registered in 0.016907 seconds.
Begin MonoManager ReloadAssembly
Native extension for WindowsStandalone target not found
Native extension for WebGL target not found
Refreshing native plugins compatible for Editor in 2.27 ms, found 3 plugins.
Preloading 0 native plugins for Editor in 0.00 ms.
Mono: successfully reloaded assembly
- Completed reload, in  2.677 seconds
Domain Reload Profiling:
	ReloadAssembly (2677ms)
		BeginReloadAssembly (283ms)
			ExecutionOrderSort (0ms)
			DisableScriptedObjects (9ms)
			BackupInstance (0ms)
			ReleaseScriptingObjects (0ms)
			CreateAndSetChildDomain (93ms)
		EndReloadAssembly (2200ms)
			LoadAssemblies (334ms)
			RebuildTransferFunctionScriptingTraits (0ms)
			SetupTypeCache (688ms)
			ReleaseScriptCaches (3ms)
			RebuildScriptCaches (97ms)
			SetupLoadedEditorAssemblies (866ms)
				LogAssemblyErrors (0ms)
				InitializePlatformSupportModulesInManaged (17ms)
				SetLoadedEditorAssemblies (1ms)
				RefreshPlugins (2ms)
				BeforeProcessingInitializeOnLoad (166ms)
				ProcessInitializeOnLoadAttributes (566ms)
				ProcessInitializeOnLoadMethodAttributes (100ms)
				AfterProcessingInitializeOnLoad (13ms)
				EditorAssembliesLoaded (0ms)
			ExecutionOrderSort2 (0ms)
			AwakeInstancesAfterBackupRestoration (15ms)
Platform modules already initialized, skipping
Refreshing native plugins compatible for Editor in 2.09 ms, found 3 plugins.
Preloading 0 native plugins for Editor in 0.00 ms.
Unloading 2750 Unused Serialized files (Serialized files now loaded: 0)
System memory in use before: 109.9 MB.
System memory in use after: 110.1 MB.

Unloading 52 unused Assets to reduce memory usage. Loaded Objects now: 3164.
Total: 18.455200 ms (FindLiveObjects: 1.481000 ms CreateObjectMapping: 0.873800 ms MarkObjects: 16.019400 ms  DeleteObjects: 0.077600 ms)

AssetImportParameters requested are different than current active one (requested -> active):
  custom:framework-win-MediaFoundation: 216162199b28c13a410421893ffa2e32 -> 
  custom:video-decoder-ogg-theora: a1e56fd34408186e4bbccfd4996cb3dc -> 
  custom:container-muxer-webm: aa71ff27fc2769a1b78a27578f13a17b -> 
  custom:container-demuxer-webm: 4f35f7cbe854078d1ac9338744f61a02 -> 
  custom:container-demuxer-ogg: 62fdf1f143b41e24485cea50d1cbac27 -> 
  custom:video-encoder-webm-vp8: eb34c28f22e8b96e1ab97ce403110664 -> 
  custom:video-decoder-webm-vp8: 9c59270c3fd7afecdb556c50c9e8de78 -> 
  custom:audio-decoder-ogg-vorbis: bf7c407c2cedff20999df2af8eb42d56 -> 
  custom:audio-encoder-webm-vorbis: bf7c407c2cedff20999df2af8eb42d56 -> 
========================================================================
Received Import Request.
  Time since last request: 888.477176 seconds.
  path: Assets/Hero and Opponents/Sprites/Enemy1/attack-A1.png
  artifactKey: Guid(5bdd6c37d70a73048840f49b5f4c1587) Importer(815301076,1909f56bfc062723c751e8b465ee728b)
Start importing Assets/Hero and Opponents/Sprites/Enemy1/attack-A1.png using Guid(5bdd6c37d70a73048840f49b5f4c1587) Importer(815301076,1909f56bfc062723c751e8b465ee728b)  -> (artifact id: 'ace1711399f89e7a3e687ecae2d30ac9') in 0.151506 seconds 
  Import took 0.156858 seconds .

========================================================================
Received Import Request.
  Time since last request: 0.000336 seconds.
  path: Assets/Hero and Opponents/Sprites/Enemy1/attack-A5.png
  artifactKey: Guid(2c5ce848148293b4ab8396450d89a900) Importer(815301076,1909f56bfc062723c751e8b465ee728b)
Start importing Assets/Hero and Opponents/Sprites/Enemy1/attack-A5.png using Guid(2c5ce848148293b4ab8396450d89a900) Importer(815301076,1909f56bfc062723c751e8b465ee728b)  -> (artifact id: '03b63d527e1e33b55d54fcfdd8c4fce0') in 0.021575 seconds 
  Import took 0.026776 seconds .

========================================================================
Received Import Request.
  Time since last request: 0.000319 seconds.
  path: Assets/Hero and Opponents/Sprites/Enemy1/attack-B9.png
  artifactKey: Guid(c2ed980e24e489a44a52d55bf034b91f) Importer(815301076,1909f56bfc062723c751e8b465ee728b)
Start importing Assets/Hero and Opponents/Sprites/Enemy1/attack-B9.png using Guid(c2ed980e24e489a44a52d55bf034b91f) Importer(815301076,1909f56bfc062723c751e8b465ee728b)  -> (artifact id: '87680ee834edd4a8d06a5cd0a4224cc9') in 0.028500 seconds 
  Import took 0.036389 seconds .

========================================================================
Received Import Request.
  Time since last request: 0.000642 seconds.
  path: Assets/Hero and Opponents/Sprites/Enemy1/attack-A6.png
  artifactKey: Guid(04f1e2682a6f2464ea7dc79b7b3cf288) Importer(815301076,1909f56bfc062723c751e8b465ee728b)
Start importing Assets/Hero and Opponents/Sprites/Enemy1/attack-A6.png using Guid(04f1e2682a6f2464ea7dc79b7b3cf288) Importer(815301076,1909f56bfc062723c751e8b465ee728b)  -> (artifact id: 'c25d749b829e99cb49e0b70daf7eebd2') in 0.026080 seconds 
  Import took 0.035136 seconds .

========================================================================
Received Import Request.
  Time since last request: 0.000389 seconds.
  path: Assets/Hero and Opponents/Sprites/Enemy1/attack-B7.png
  artifactKey: Guid(9916b279ae2df8f4bac78c1ec07fe869) Importer(815301076,1909f56bfc062723c751e8b465ee728b)
Start importing Assets/Hero and Opponents/Sprites/Enemy1/attack-B7.png using Guid(9916b279ae2df8f4bac78c1ec07fe869) Importer(815301076,1909f56bfc062723c751e8b465ee728b)  -> (artifact id: 'b66078aec6a492eea55ce89b0f0ee43a') in 0.026937 seconds 
  Import took 0.034717 seconds .

========================================================================
Received Import Request.
  Time since last request: 0.000411 seconds.
  path: Assets/Hero and Opponents/Sprites/Enemy1/attack-A4.png
  artifactKey: Guid(081ea5419f586434d92e4211d21b7278) Importer(815301076,1909f56bfc062723c751e8b465ee728b)
Start importing Assets/Hero and Opponents/Sprites/Enemy1/attack-A4.png using Guid(081ea5419f586434d92e4211d21b7278) Importer(815301076,1909f56bfc062723c751e8b465ee728b)  -> (artifact id: '878a4b4029c09f8bb68eb2217130e611') in 0.025629 seconds 
  Import took 0.034028 seconds .

========================================================================
Received Import Request.
  Time since last request: 0.000541 seconds.
  path: Assets/Hero and Opponents/Sprites/Enemy1/attack-B4.png
  artifactKey: Guid(bb718c45f6b1cd646b6f5a25ae0c7eba) Importer(815301076,1909f56bfc062723c751e8b465ee728b)
Start importing Assets/Hero and Opponents/Sprites/Enemy1/attack-B4.png using Guid(bb718c45f6b1cd646b6f5a25ae0c7eba) Importer(815301076,1909f56bfc062723c751e8b465ee728b)  -> (artifact id: '826efc602370184bca1f7c10af8ed9df') in 0.028097 seconds 
  Import took 0.035135 seconds .

========================================================================
Received Import Request.
  Time since last request: 0.000462 seconds.
  path: Assets/Hero and Opponents/Sprites/Enemy1/attack-B11.png
  artifactKey: Guid(177a5a7b72a3cfe4da806bafa83ed1ea) Importer(815301076,1909f56bfc062723c751e8b465ee728b)
Start importing Assets/Hero and Opponents/Sprites/Enemy1/attack-B11.png using Guid(177a5a7b72a3cfe4da806bafa83ed1ea) Importer(815301076,1909f56bfc062723c751e8b465ee728b)  -> (artifact id: 'ce04be3d8af1fad6bd66503bc1c1c4fb') in 0.025784 seconds 
  Import took 0.034803 seconds .

========================================================================
Received Import Request.
  Time since last request: 0.000362 seconds.
  path: Assets/Hero and Opponents/Sprites/Enemy1/attack-B1.png
  artifactKey: Guid(92c0b5bf591389a4e8beabc3a0cef886) Importer(815301076,1909f56bfc062723c751e8b465ee728b)
Start importing Assets/Hero and Opponents/Sprites/Enemy1/attack-B1.png using Guid(92c0b5bf591389a4e8beabc3a0cef886) Importer(815301076,1909f56bfc062723c751e8b465ee728b)  -> (artifact id: '9b043d30f748e1f58a47a19668736ae4') in 0.029850 seconds 
  Import took 0.036465 seconds .

========================================================================
Received Import Request.
  Time since last request: 0.000307 seconds.
  path: Assets/Hero and Opponents/Sprites/Enemy1/attack-B6.png
  artifactKey: Guid(ab4b89c2327ac3547919e4e1170a1c20) Importer(815301076,1909f56bfc062723c751e8b465ee728b)
Start importing Assets/Hero and Opponents/Sprites/Enemy1/attack-B6.png using Guid(ab4b89c2327ac3547919e4e1170a1c20) Importer(815301076,1909f56bfc062723c751e8b465ee728b)  -> (artifact id: '42d628c563edda7d2afa0dd9d62516b3') in 0.027114 seconds 
  Import took 0.033649 seconds .

========================================================================
Received Import Request.
  Time since last request: 0.000302 seconds.
  path: Assets/Hero and Opponents/Sprites/Enemy1/dead-1.png
  artifactKey: Guid(af2d29e6b98295a4d8b0eeb19ce572e8) Importer(815301076,1909f56bfc062723c751e8b465ee728b)
Start importing Assets/Hero and Opponents/Sprites/Enemy1/dead-1.png using Guid(af2d29e6b98295a4d8b0eeb19ce572e8) Importer(815301076,1909f56bfc062723c751e8b465ee728b)  -> (artifact id: 'b61810e3a7509134445d85e9d0e155a4') in 0.025138 seconds 
  Import took 0.031692 seconds .

========================================================================
Received Import Request.
  Time since last request: 0.000391 seconds.
  path: Assets/Hero and Opponents/Sprites/Enemy1/attack-A7.png
  artifactKey: Guid(d93fc5888f2208c4381ec929c0bab03a) Importer(815301076,1909f56bfc062723c751e8b465ee728b)
Start importing Assets/Hero and Opponents/Sprites/Enemy1/attack-A7.png using Guid(d93fc5888f2208c4381ec929c0bab03a) Importer(815301076,1909f56bfc062723c751e8b465ee728b)  -> (artifact id: '5d3429524ac2c9c6453f7b0396f38b0c') in 0.024283 seconds 
  Import took 0.033277 seconds .

========================================================================
Received Import Request.
  Time since last request: 0.000257 seconds.
  path: Assets/Hero and Opponents/Sprites/Enemy1/attack-B2.png
  artifactKey: Guid(cfa1a9013ddeca5458ec3c60edcae52c) Importer(815301076,1909f56bfc062723c751e8b465ee728b)
Start importing Assets/Hero and Opponents/Sprites/Enemy1/attack-B2.png using Guid(cfa1a9013ddeca5458ec3c60edcae52c) Importer(815301076,1909f56bfc062723c751e8b465ee728b)  -> (artifact id: '90eb7eaf79d142e6cf39ed6ff34a4ed4') in 0.029981 seconds 
  Import took 0.038118 seconds .

========================================================================
Received Import Request.
  Time since last request: 0.000374 seconds.
  path: Assets/Hero and Opponents/Sprites/Enemy1/attack-B10.png
  artifactKey: Guid(5e9b1ef5c63150242960c27b4bdbc2dc) Importer(815301076,1909f56bfc062723c751e8b465ee728b)
Start importing Assets/Hero and Opponents/Sprites/Enemy1/attack-B10.png using Guid(5e9b1ef5c63150242960c27b4bdbc2dc) Importer(815301076,1909f56bfc062723c751e8b465ee728b)  -> (artifact id: 'dc168bd12918477b1fa797b3b5db7c64') in 0.021213 seconds 
  Import took 0.027212 seconds .

========================================================================
Received Import Request.
  Time since last request: 0.000303 seconds.
  path: Assets/Hero and Opponents/Sprites/Enemy1/attack-A2.png
  artifactKey: Guid(a31b80b129768c647af8a375fe0a00a1) Importer(815301076,1909f56bfc062723c751e8b465ee728b)
Start importing Assets/Hero and Opponents/Sprites/Enemy1/attack-A2.png using Guid(a31b80b129768c647af8a375fe0a00a1) Importer(815301076,1909f56bfc062723c751e8b465ee728b)  -> (artifact id: 'a291cb022f45e71a9021d251768148a9') in 0.030022 seconds 
  Import took 0.037481 seconds .

========================================================================
Received Import Request.
  Time since last request: 0.000505 seconds.
  path: Assets/Hero and Opponents/Sprites/Enemy1/attack-A3.png
  artifactKey: Guid(1ea46f4d239017e4b9eafb438f33b655) Importer(815301076,1909f56bfc062723c751e8b465ee728b)
Start importing Assets/Hero and Opponents/Sprites/Enemy1/attack-A3.png using Guid(1ea46f4d239017e4b9eafb438f33b655) Importer(815301076,1909f56bfc062723c751e8b465ee728b)  -> (artifact id: '20ebc94a2833388732b5654d1efa0456') in 0.024190 seconds 
  Import took 0.029981 seconds .

========================================================================
Received Import Request.
  Time since last request: 0.000374 seconds.
  path: Assets/Hero and Opponents/Sprites/Enemy1/attack-B5.png
  artifactKey: Guid(c09086deaf910f24ca170aa2c440ed11) Importer(815301076,1909f56bfc062723c751e8b465ee728b)
Start importing Assets/Hero and Opponents/Sprites/Enemy1/attack-B5.png using Guid(c09086deaf910f24ca170aa2c440ed11) Importer(815301076,1909f56bfc062723c751e8b465ee728b)  -> (artifact id: 'daa99427f668f6da93c04d8e395ea124') in 0.028632 seconds 
  Import took 0.038325 seconds .

========================================================================
Received Import Request.
  Time since last request: 0.000387 seconds.
  path: Assets/Hero and Opponents/Sprites/Enemy1/dead-2.png
  artifactKey: Guid(96be1249c10d64242837e53bbc712bc1) Importer(815301076,1909f56bfc062723c751e8b465ee728b)
Start importing Assets/Hero and Opponents/Sprites/Enemy1/dead-2.png using Guid(96be1249c10d64242837e53bbc712bc1) Importer(815301076,1909f56bfc062723c751e8b465ee728b)  -> (artifact id: '0a93dcba1b73bcab23c2fcfadbabeae1') in 0.022538 seconds 
  Import took 0.032476 seconds .

========================================================================
Received Import Request.
  Time since last request: 0.000328 seconds.
  path: Assets/Hero and Opponents/Sprites/Enemy1/attack-A8.png
  artifactKey: Guid(cbde7f3392edc8c44bf688b4af30079c) Importer(815301076,1909f56bfc062723c751e8b465ee728b)
Start importing Assets/Hero and Opponents/Sprites/Enemy1/attack-A8.png using Guid(cbde7f3392edc8c44bf688b4af30079c) Importer(815301076,1909f56bfc062723c751e8b465ee728b)  -> (artifact id: '652c1b6a87d37fa9fb408e9683c0ab0f') in 0.025134 seconds 
  Import took 0.032920 seconds .

========================================================================
Received Import Request.
  Time since last request: 0.000340 seconds.
  path: Assets/Hero and Opponents/Sprites/Enemy1/attack-B3.png
  artifactKey: Guid(6f539dedf0dd41e419c8fbd2db58879b) Importer(815301076,1909f56bfc062723c751e8b465ee728b)
Start importing Assets/Hero and Opponents/Sprites/Enemy1/attack-B3.png using Guid(6f539dedf0dd41e419c8fbd2db58879b) Importer(815301076,1909f56bfc062723c751e8b465ee728b)  -> (artifact id: 'c92fc1ad818acc8e6c42e99c138586e4') in 0.022120 seconds 
  Import took 0.032524 seconds .

========================================================================
Received Import Request.
  Time since last request: 0.000335 seconds.
  path: Assets/Hero and Opponents/Sprites/Enemy1/attack-B8.png
  artifactKey: Guid(86c932378f91f074faaa16674c794cc1) Importer(815301076,1909f56bfc062723c751e8b465ee728b)
Start importing Assets/Hero and Opponents/Sprites/Enemy1/attack-B8.png using Guid(86c932378f91f074faaa16674c794cc1) Importer(815301076,1909f56bfc062723c751e8b465ee728b)  -> (artifact id: 'ea640c952954be30043529373cc6e75f') in 0.029915 seconds 
  Import took 0.037333 seconds .

========================================================================
Received Prepare
Registering precompiled user dll's ...
Registered in 0.007467 seconds.
Begin MonoManager ReloadAssembly
Native extension for WindowsStandalone target not found
Native extension for WebGL target not found
Refreshing native plugins compatible for Editor in 1.10 ms, found 3 plugins.
Preloading 0 native plugins for Editor in 0.00 ms.
Mono: successfully reloaded assembly
- Completed reload, in  1.672 seconds
Domain Reload Profiling:
	ReloadAssembly (1673ms)
		BeginReloadAssembly (222ms)
			ExecutionOrderSort (0ms)
			DisableScriptedObjects (8ms)
			BackupInstance (0ms)
			ReleaseScriptingObjects (0ms)
			CreateAndSetChildDomain (88ms)
		EndReloadAssembly (1340ms)
			LoadAssemblies (187ms)
			RebuildTransferFunctionScriptingTraits (0ms)
			SetupTypeCache (426ms)
			ReleaseScriptCaches (2ms)
			RebuildScriptCaches (65ms)
			SetupLoadedEditorAssemblies (530ms)
				LogAssemblyErrors (0ms)
				InitializePlatformSupportModulesInManaged (9ms)
				SetLoadedEditorAssemblies (1ms)
				RefreshPlugins (1ms)
				BeforeProcessingInitializeOnLoad (83ms)
				ProcessInitializeOnLoadAttributes (367ms)
				ProcessInitializeOnLoadMethodAttributes (63ms)
				AfterProcessingInitializeOnLoad (6ms)
				EditorAssembliesLoaded (0ms)
			ExecutionOrderSort2 (0ms)
			AwakeInstancesAfterBackupRestoration (23ms)
Platform modules already initialized, skipping
Refreshing native plugins compatible for Editor in 1.26 ms, found 3 plugins.
Preloading 0 native plugins for Editor in 0.00 ms.
Unloading 2750 Unused Serialized files (Serialized files now loaded: 0)
System memory in use before: 112.9 MB.
System memory in use after: 113.1 MB.

Unloading 52 unused Assets to reduce memory usage. Loaded Objects now: 3172.
Total: 9.519500 ms (FindLiveObjects: 0.402300 ms CreateObjectMapping: 0.132500 ms MarkObjects: 8.937400 ms  DeleteObjects: 0.045600 ms)

AssetImportParameters requested are different than current active one (requested -> active):
  custom:framework-win-MediaFoundation: 216162199b28c13a410421893ffa2e32 -> 
  custom:video-decoder-ogg-theora: a1e56fd34408186e4bbccfd4996cb3dc -> 
  custom:container-muxer-webm: aa71ff27fc2769a1b78a27578f13a17b -> 
  custom:container-demuxer-webm: 4f35f7cbe854078d1ac9338744f61a02 -> 
  custom:container-demuxer-ogg: 62fdf1f143b41e24485cea50d1cbac27 -> 
  custom:video-encoder-webm-vp8: eb34c28f22e8b96e1ab97ce403110664 -> 
  custom:video-decoder-webm-vp8: 9c59270c3fd7afecdb556c50c9e8de78 -> 
  custom:audio-decoder-ogg-vorbis: bf7c407c2cedff20999df2af8eb42d56 -> 
  custom:audio-encoder-webm-vorbis: bf7c407c2cedff20999df2af8eb42d56 -> 
AssetImportWorkerClient::OnTransportError - code=2 error=End of file
